#
# A fatal error has been detected by the Java Runtime Environment:
#
#  Internal Error (javaClasses.cpp:129), pid=16358, tid=140482951534336
#  fatal error: Invalid layout of preloaded class
#
# JRE version: 7.0_21-b02
# Java VM: OpenJDK 64-Bit Server VM (23.7-b01 mixed mode linux-amd64 compressed oops)
# Failed to write core dump. Core dumps have been disabled. To enable core dumping, try "ulimit -c unlimited" before starting Java again
#
# If you would like to submit a bug report, please include
# instructions on how to reproduce the bug and visit:
#   https://bugs.launchpad.net/ubuntu/+source/openjdk-7/
#

---------------  T H R E A D  ---------------

Current thread (0x00007fc4b4009000):  JavaThread "Unknown thread" [_thread_in_vm, id=16359, stack(0x00007fc4bc5c5000,0x00007fc4bc6c6000)]

Stack: [0x00007fc4bc5c5000,0x00007fc4bc6c6000],  sp=0x00007fc4bc6c49a0,  free space=1022k
Native frames: (J=compiled Java code, j=interpreted, Vv=VM code, C=native code)
V  [libjvm.so+0x8573eb]  VMError::report_and_die()+0x16b
V  [libjvm.so+0x3ee237]  report_fatal(char const*, int, char const*)+0x57
V  [libjvm.so+0x52b8aa]  compute_offset(int&, klassOopDesc*, Symbol*, Symbol*, bool) [clone .constprop.122]+0x11a
V  [libjvm.so+0x52bb16]  java_lang_String::compute_offsets()+0x36
V  [libjvm.so+0x7e4aed]  SystemDictionary::initialize_preloaded_classes(Thread*)+0x3d
V  [libjvm.so+0x831c68]  Universe::genesis(Thread*)+0x468
V  [libjvm.so+0x83211f]  universe2_init()+0x1f
V  [libjvm.so+0x4e044a]  init_globals()+0x9a
V  [libjvm.so+0x8154fc]  Threads::create_vm(JavaVMInitArgs*, bool*)+0x39c
V  [libjvm.so+0x547df8]  JNI_CreateJavaVM+0x58
C  [libjli.so+0x2b34]  __strcat_chk+0x2b34


---------------  P R O C E S S  ---------------

Java Threads: ( => current thread )

Other Threads:

=>0x00007fc4b4009000 (exited) JavaThread "Unknown thread" [_thread_in_vm, id=16359, stack(0x00007fc4bc5c5000,0x00007fc4bc6c6000)]

VM state:not at safepoint (not fully initialized)

VM Mutex/Monitor currently owned by a thread: None

GC Heap History (0 events):
No events

Deoptimization events (0 events):
No events

Internal exceptions (0 events):
No events

Events (10 events):
Event: 0.011 loading class 0x00007fc4b402ae00 done
Event: 0.011 loading class 0x00007fc4b402a6a0 done
Event: 0.011 loading class 0x00007fc4b402a670
Event: 0.011 loading class 0x00007fc4b4055860
Event: 0.012 loading class 0x00007fc4b4055860 done
Event: 0.012 loading class 0x00007fc4b40558a0
Event: 0.012 loading class 0x00007fc4b40558a0 done
Event: 0.012 loading class 0x00007fc4b40558e0
Event: 0.012 loading class 0x00007fc4b40558e0 done
Event: 0.012 loading class 0x00007fc4b402a670 done


Dynamic libraries:
00400000-00401000 r-xp 00000000 08:06 527052                             /usr/lib/jvm/java-7-openjdk-amd64/jre/bin/java
00600000-00601000 r--p 00000000 08:06 527052                             /usr/lib/jvm/java-7-openjdk-amd64/jre/bin/java
00601000-00602000 rw-p 00001000 08:06 527052                             /usr/lib/jvm/java-7-openjdk-amd64/jre/bin/java
01fa6000-01fc7000 rw-p 00000000 00:00 0                                  [heap]
bb000000-bc4c0000 rw-p 00000000 00:00 0 
bc4c0000-c5600000 rw-p 00000000 00:00 0 
c5600000-c7d20000 rw-p 00000000 00:00 0 
c7d20000-ec760000 rw-p 00000000 00:00 0 
ec760000-edae0000 rw-p 00000000 00:00 0 
edae0000-100000000 rw-p 00000000 00:00 0 
7fc494000000-7fc494021000 rw-p 00000000 00:00 0 
7fc494021000-7fc498000000 ---p 00000000 00:00 0 
7fc49c000000-7fc49c021000 rw-p 00000000 00:00 0 
7fc49c021000-7fc4a0000000 ---p 00000000 00:00 0 
7fc4a4000000-7fc4a4021000 rw-p 00000000 00:00 0 
7fc4a4021000-7fc4a8000000 ---p 00000000 00:00 0 
7fc4a9d80000-7fc4ac000000 rw-p 00000000 00:00 0 
7fc4ac000000-7fc4ac021000 rw-p 00000000 00:00 0 
7fc4ac021000-7fc4b0000000 ---p 00000000 00:00 0 
7fc4b0ebd000-7fc4b1000000 rw-p 00000000 00:00 0 
7fc4b1000000-7fc4b1270000 rwxp 00000000 00:00 0 
7fc4b1270000-7fc4b4060000 rw-p 00000000 00:00 0 
7fc4b4060000-7fc4b8000000 ---p 00000000 00:00 0 
7fc4b8111000-7fc4b820f000 rw-p 00000000 00:00 0 
7fc4b820f000-7fc4b82d5000 r--s 0116f000 08:06 1297557                    /opt/android/android-sdk-linux_x86/platforms/android-17/android.jar
7fc4b82d5000-7fc4b8b9d000 rw-p 00000000 00:00 0 
7fc4b8b9d000-7fc4b8b9e000 ---p 00000000 00:00 0 
7fc4b8b9e000-7fc4b8c9e000 rw-p 00000000 00:00 0                          [stack:16365]
7fc4b8c9e000-7fc4b8c9f000 ---p 00000000 00:00 0 
7fc4b8c9f000-7fc4b8d9f000 rw-p 00000000 00:00 0                          [stack:16363]
7fc4b8d9f000-7fc4b8da0000 ---p 00000000 00:00 0 
7fc4b8da0000-7fc4b8ea0000 rw-p 00000000 00:00 0                          [stack:16362]
7fc4b8ea0000-7fc4b8ea1000 ---p 00000000 00:00 0 
7fc4b8ea1000-7fc4b8fac000 rw-p 00000000 00:00 0                          [stack:16360]
7fc4b8fac000-7fc4b8ff4000 rw-p 00000000 00:00 0 
7fc4b8ff4000-7fc4b9008000 rw-p 00000000 00:00 0 
7fc4b9008000-7fc4b912d000 rw-p 00000000 00:00 0 
7fc4b912d000-7fc4b9138000 rw-p 00000000 00:00 0 
7fc4b9138000-7fc4b9180000 rw-p 00000000 00:00 0 
7fc4b9180000-7fc4b9194000 rw-p 00000000 00:00 0 
7fc4b9194000-7fc4b92b8000 rw-p 00000000 00:00 0 
7fc4b92b8000-7fc4b92c3000 rw-p 00000000 00:00 0 
7fc4b92c3000-7fc4b9355000 rw-p 00000000 00:00 0 
7fc4b9355000-7fc4b9356000 rw-p 00000000 00:00 0 
7fc4b9356000-7fc4b935e000 r-xp 00000000 08:06 1848418                    /usr/lib/jvm/java-7-openjdk-amd64/jre/lib/amd64/libzip.so
7fc4b935e000-7fc4b955d000 ---p 00008000 08:06 1848418                    /usr/lib/jvm/java-7-openjdk-amd64/jre/lib/amd64/libzip.so
7fc4b955d000-7fc4b955e000 r--p 00007000 08:06 1848418                    /usr/lib/jvm/java-7-openjdk-amd64/jre/lib/amd64/libzip.so
7fc4b955e000-7fc4b955f000 rw-p 00008000 08:06 1848418                    /usr/lib/jvm/java-7-openjdk-amd64/jre/lib/amd64/libzip.so
7fc4b955f000-7fc4b956b000 r-xp 00000000 08:06 269416                     /lib/x86_64-linux-gnu/libnss_files-2.17.so
7fc4b956b000-7fc4b976a000 ---p 0000c000 08:06 269416                     /lib/x86_64-linux-gnu/libnss_files-2.17.so
7fc4b976a000-7fc4b976b000 r--p 0000b000 08:06 269416                     /lib/x86_64-linux-gnu/libnss_files-2.17.so
7fc4b976b000-7fc4b976c000 rw-p 0000c000 08:06 269416                     /lib/x86_64-linux-gnu/libnss_files-2.17.so
7fc4b976c000-7fc4b9777000 r-xp 00000000 08:06 269400                     /lib/x86_64-linux-gnu/libnss_nis-2.17.so
7fc4b9777000-7fc4b9976000 ---p 0000b000 08:06 269400                     /lib/x86_64-linux-gnu/libnss_nis-2.17.so
7fc4b9976000-7fc4b9977000 r--p 0000a000 08:06 269400                     /lib/x86_64-linux-gnu/libnss_nis-2.17.so
7fc4b9977000-7fc4b9978000 rw-p 0000b000 08:06 269400                     /lib/x86_64-linux-gnu/libnss_nis-2.17.so
7fc4b9978000-7fc4b998f000 r-xp 00000000 08:06 268719                     /lib/x86_64-linux-gnu/libnsl-2.17.so
7fc4b998f000-7fc4b9b8e000 ---p 00017000 08:06 268719                     /lib/x86_64-linux-gnu/libnsl-2.17.so
7fc4b9b8e000-7fc4b9b8f000 r--p 00016000 08:06 268719                     /lib/x86_64-linux-gnu/libnsl-2.17.so
7fc4b9b8f000-7fc4b9b90000 rw-p 00017000 08:06 268719                     /lib/x86_64-linux-gnu/libnsl-2.17.so
7fc4b9b90000-7fc4b9b92000 rw-p 00000000 00:00 0 
7fc4b9b92000-7fc4b9b9a000 r-xp 00000000 08:06 269380                     /lib/x86_64-linux-gnu/libnss_compat-2.17.so
7fc4b9b9a000-7fc4b9d99000 ---p 00008000 08:06 269380                     /lib/x86_64-linux-gnu/libnss_compat-2.17.so
7fc4b9d99000-7fc4b9d9a000 r--p 00007000 08:06 269380                     /lib/x86_64-linux-gnu/libnss_compat-2.17.so
7fc4b9d9a000-7fc4b9d9b000 rw-p 00008000 08:06 269380                     /lib/x86_64-linux-gnu/libnss_compat-2.17.so
7fc4b9d9b000-7fc4b9dc6000 r-xp 00000000 08:06 1848381                    /usr/lib/jvm/java-7-openjdk-amd64/jre/lib/amd64/libjava.so
7fc4b9dc6000-7fc4b9fc5000 ---p 0002b000 08:06 1848381                    /usr/lib/jvm/java-7-openjdk-amd64/jre/lib/amd64/libjava.so
7fc4b9fc5000-7fc4b9fc6000 r--p 0002a000 08:06 1848381                    /usr/lib/jvm/java-7-openjdk-amd64/jre/lib/amd64/libjava.so
7fc4b9fc6000-7fc4b9fc8000 rw-p 0002b000 08:06 1848381                    /usr/lib/jvm/java-7-openjdk-amd64/jre/lib/amd64/libjava.so
7fc4b9fc8000-7fc4b9fd7000 r-xp 00000000 08:06 1848378                    /usr/lib/jvm/java-7-openjdk-amd64/jre/lib/amd64/libverify.so
7fc4b9fd7000-7fc4ba1d6000 ---p 0000f000 08:06 1848378                    /usr/lib/jvm/java-7-openjdk-amd64/jre/lib/amd64/libverify.so
7fc4ba1d6000-7fc4ba1d8000 r--p 0000e000 08:06 1848378                    /usr/lib/jvm/java-7-openjdk-amd64/jre/lib/amd64/libverify.so
7fc4ba1d8000-7fc4ba1d9000 rw-p 00010000 08:06 1848378                    /usr/lib/jvm/java-7-openjdk-amd64/jre/lib/amd64/libverify.so
7fc4ba1d9000-7fc4ba1e0000 r-xp 00000000 08:06 263262                     /lib/x86_64-linux-gnu/librt-2.17.so
7fc4ba1e0000-7fc4ba3df000 ---p 00007000 08:06 263262                     /lib/x86_64-linux-gnu/librt-2.17.so
7fc4ba3df000-7fc4ba3e0000 r--p 00006000 08:06 263262                     /lib/x86_64-linux-gnu/librt-2.17.so
7fc4ba3e0000-7fc4ba3e1000 rw-p 00007000 08:06 263262                     /lib/x86_64-linux-gnu/librt-2.17.so
7fc4ba3e1000-7fc4ba3f5000 r-xp 00000000 08:06 264127                     /lib/x86_64-linux-gnu/libgcc_s.so.1
7fc4ba3f5000-7fc4ba5f5000 ---p 00014000 08:06 264127                     /lib/x86_64-linux-gnu/libgcc_s.so.1
7fc4ba5f5000-7fc4ba5f6000 r--p 00014000 08:06 264127                     /lib/x86_64-linux-gnu/libgcc_s.so.1
7fc4ba5f6000-7fc4ba5f7000 rw-p 00015000 08:06 264127                     /lib/x86_64-linux-gnu/libgcc_s.so.1
7fc4ba5f7000-7fc4ba6fa000 r-xp 00000000 08:06 269392                     /lib/x86_64-linux-gnu/libm-2.17.so
7fc4ba6fa000-7fc4ba8fa000 ---p 00103000 08:06 269392                     /lib/x86_64-linux-gnu/libm-2.17.so
7fc4ba8fa000-7fc4ba8fb000 r--p 00103000 08:06 269392                     /lib/x86_64-linux-gnu/libm-2.17.so
7fc4ba8fb000-7fc4ba8fc000 rw-p 00104000 08:06 269392                     /lib/x86_64-linux-gnu/libm-2.17.so
7fc4ba8fc000-7fc4ba9e1000 r-xp 00000000 08:06 136085                     /usr/lib/x86_64-linux-gnu/libstdc++.so.6.0.17
7fc4ba9e1000-7fc4babe0000 ---p 000e5000 08:06 136085                     /usr/lib/x86_64-linux-gnu/libstdc++.so.6.0.17
7fc4babe0000-7fc4babe8000 r--p 000e4000 08:06 136085                     /usr/lib/x86_64-linux-gnu/libstdc++.so.6.0.17
7fc4babe8000-7fc4babea000 rw-p 000ec000 08:06 136085                     /usr/lib/x86_64-linux-gnu/libstdc++.so.6.0.17
7fc4babea000-7fc4babff000 rw-p 00000000 00:00 0 
7fc4babff000-7fc4bb5fa000 r-xp 00000000 08:06 1848394                    /usr/lib/jvm/java-7-openjdk-amd64/jre/lib/amd64/server/libjvm.so
7fc4bb5fa000-7fc4bb7f9000 ---p 009fb000 08:06 1848394                    /usr/lib/jvm/java-7-openjdk-amd64/jre/lib/amd64/server/libjvm.so
7fc4bb7f9000-7fc4bb878000 r--p 009fa000 08:06 1848394                    /usr/lib/jvm/java-7-openjdk-amd64/jre/lib/amd64/server/libjvm.so
7fc4bb878000-7fc4bb89b000 rw-p 00a79000 08:06 1848394                    /usr/lib/jvm/java-7-openjdk-amd64/jre/lib/amd64/server/libjvm.so
7fc4bb89b000-7fc4bb8c6000 rw-p 00000000 00:00 0 
7fc4bb8c6000-7fc4bb8dc000 r-xp 00000000 08:06 265625                     /lib/x86_64-linux-gnu/libz.so.1.2.7
7fc4bb8dc000-7fc4bbadb000 ---p 00016000 08:06 265625                     /lib/x86_64-linux-gnu/libz.so.1.2.7
7fc4bbadb000-7fc4bbadc000 r--p 00015000 08:06 265625                     /lib/x86_64-linux-gnu/libz.so.1.2.7
7fc4bbadc000-7fc4bbadd000 rw-p 00016000 08:06 265625                     /lib/x86_64-linux-gnu/libz.so.1.2.7
7fc4bbadd000-7fc4bbaf5000 r-xp 00000000 08:06 269388                     /lib/x86_64-linux-gnu/libpthread-2.17.so
7fc4bbaf5000-7fc4bbcf4000 ---p 00018000 08:06 269388                     /lib/x86_64-linux-gnu/libpthread-2.17.so
7fc4bbcf4000-7fc4bbcf5000 r--p 00017000 08:06 269388                     /lib/x86_64-linux-gnu/libpthread-2.17.so
7fc4bbcf5000-7fc4bbcf6000 rw-p 00018000 08:06 269388                     /lib/x86_64-linux-gnu/libpthread-2.17.so
7fc4bbcf6000-7fc4bbcfa000 rw-p 00000000 00:00 0 
7fc4bbcfa000-7fc4bbcfd000 r-xp 00000000 08:06 269372                     /lib/x86_64-linux-gnu/libdl-2.17.so
7fc4bbcfd000-7fc4bbefc000 ---p 00003000 08:06 269372                     /lib/x86_64-linux-gnu/libdl-2.17.so
7fc4bbefc000-7fc4bbefd000 r--p 00002000 08:06 269372                     /lib/x86_64-linux-gnu/libdl-2.17.so
7fc4bbefd000-7fc4bbefe000 rw-p 00003000 08:06 269372                     /lib/x86_64-linux-gnu/libdl-2.17.so
7fc4bbefe000-7fc4bc0bc000 r-xp 00000000 08:06 269367                     /lib/x86_64-linux-gnu/libc-2.17.so
7fc4bc0bc000-7fc4bc2bb000 ---p 001be000 08:06 269367                     /lib/x86_64-linux-gnu/libc-2.17.so
7fc4bc2bb000-7fc4bc2bf000 r--p 001bd000 08:06 269367                     /lib/x86_64-linux-gnu/libc-2.17.so
7fc4bc2bf000-7fc4bc2c1000 rw-p 001c1000 08:06 269367                     /lib/x86_64-linux-gnu/libc-2.17.so
7fc4bc2c1000-7fc4bc2c6000 rw-p 00000000 00:00 0 
7fc4bc2c6000-7fc4bc2d3000 r-xp 00000000 08:06 1848316                    /usr/lib/jvm/java-7-openjdk-amd64/jre/lib/amd64/jli/libjli.so
7fc4bc2d3000-7fc4bc4d2000 ---p 0000d000 08:06 1848316                    /usr/lib/jvm/java-7-openjdk-amd64/jre/lib/amd64/jli/libjli.so
7fc4bc4d2000-7fc4bc4d3000 r--p 0000c000 08:06 1848316                    /usr/lib/jvm/java-7-openjdk-amd64/jre/lib/amd64/jli/libjli.so
7fc4bc4d3000-7fc4bc4d4000 rw-p 0000d000 08:06 1848316                    /usr/lib/jvm/java-7-openjdk-amd64/jre/lib/amd64/jli/libjli.so
7fc4bc4d4000-7fc4bc4f7000 r-xp 00000000 08:06 269133                     /lib/x86_64-linux-gnu/ld-2.17.so
7fc4bc505000-7fc4bc50f000 rw-p 00000000 00:00 0 
7fc4bc50f000-7fc4bc5c5000 rw-p 00000000 00:00 0 
7fc4bc5c5000-7fc4bc5c8000 ---p 00000000 00:00 0 
7fc4bc5c8000-7fc4bc6cb000 rw-p 00000000 00:00 0                          [stack:16359]
7fc4bc6e8000-7fc4bc6ea000 rw-p 00000000 00:00 0 
7fc4bc6ea000-7fc4bc6f2000 rw-s 00000000 08:06 1002                       /tmp/hsperfdata_adam/16358
7fc4bc6f2000-7fc4bc6f3000 rw-p 00000000 00:00 0 
7fc4bc6f3000-7fc4bc6f4000 r--p 00000000 00:00 0 
7fc4bc6f4000-7fc4bc6f6000 rw-p 00000000 00:00 0 
7fc4bc6f6000-7fc4bc6f7000 r--p 00022000 08:06 269133                     /lib/x86_64-linux-gnu/ld-2.17.so
7fc4bc6f7000-7fc4bc6f9000 rw-p 00023000 08:06 269133                     /lib/x86_64-linux-gnu/ld-2.17.so
7fffcb240000-7fffcb261000 rw-p 00000000 00:00 0                          [stack]
7fffcb2fc000-7fffcb2fe000 r-xp 00000000 00:00 0                          [vdso]
ffffffffff600000-ffffffffff601000 r-xp 00000000 00:00 0                  [vsyscall]

VM Arguments:
jvm_args: -Dfile.encoding=UTF-8 -Xbootclasspath:/opt/android/android-sdk-linux_x86/platforms/android-17/android.jar 
java_command: com.asliced.braillereader.DotProcessor
Launcher Type: SUN_STANDARD

Environment Variables:
PATH=/home/adam/bin:/usr/lib/lightdm/lightdm:/usr/local/sbin:/usr/local/bin:/usr/sbin:/usr/bin:/sbin:/bin:/usr/games:/usr/local/games
SHELL=/bin/bash
DISPLAY=:0

Signal Handlers:
SIGSEGV: [libjvm.so+0x857ed0], sa_mask[0]=0x7ffbfeff, sa_flags=0x10000004
SIGBUS: [libjvm.so+0x857ed0], sa_mask[0]=0x7ffbfeff, sa_flags=0x10000004
SIGFPE: [libjvm.so+0x6f8ab0], sa_mask[0]=0x7ffbfeff, sa_flags=0x10000004
SIGPIPE: [libjvm.so+0x6f8ab0], sa_mask[0]=0x7ffbfeff, sa_flags=0x10000004
SIGXFSZ: [libjvm.so+0x6f8ab0], sa_mask[0]=0x7ffbfeff, sa_flags=0x10000004
SIGILL: [libjvm.so+0x6f8ab0], sa_mask[0]=0x7ffbfeff, sa_flags=0x10000004
SIGUSR1: SIG_DFL, sa_mask[0]=0x00000000, sa_flags=0x00000000
SIGUSR2: [libjvm.so+0x6f8e80], sa_mask[0]=0x00000004, sa_flags=0x10000004
SIGHUP: SIG_DFL, sa_mask[0]=0x00000000, sa_flags=0x00000000
SIGINT: SIG_DFL, sa_mask[0]=0x00000000, sa_flags=0x00000000
SIGTERM: SIG_DFL, sa_mask[0]=0x00000000, sa_flags=0x00000000
SIGQUIT: SIG_DFL, sa_mask[0]=0x00000000, sa_flags=0x00000000


---------------  S Y S T E M  ---------------

OS:Ubuntu 13.04 (raring)
uname:Linux 3.8.0-19-generic #30-Ubuntu SMP Wed May 1 16:35:23 UTC 2013 x86_64
libc:glibc 2.17 NPTL 2.17 
rlimit: STACK 8192k, CORE 0k, NPROC 29858, NOFILE 4096, AS infinity
load average:3.36 2.22 1.69

/proc/meminfo:
MemTotal:        3840992 kB
MemFree:          163636 kB
Buffers:          100008 kB
Cached:          1287744 kB
SwapCached:         3728 kB
Active:          2111160 kB
Inactive:        1215928 kB
Active(anon):    1666676 kB
Inactive(anon):   790860 kB
Active(file):     444484 kB
Inactive(file):   425068 kB
Unevictable:         116 kB
Mlocked:             116 kB
SwapTotal:       3983356 kB
SwapFree:        3943456 kB
Dirty:             30460 kB
Writeback:             0 kB
AnonPages:       1936352 kB
Mapped:           199064 kB
Shmem:            518308 kB
Slab:             236820 kB
SReclaimable:     180532 kB
SUnreclaim:        56288 kB
KernelStack:        4800 kB
PageTables:        43512 kB
NFS_Unstable:          0 kB
Bounce:                0 kB
WritebackTmp:          0 kB
CommitLimit:     5903852 kB
Committed_AS:    6112552 kB
VmallocTotal:   34359738367 kB
VmallocUsed:      545180 kB
VmallocChunk:   34359182812 kB
HardwareCorrupted:     0 kB
AnonHugePages:         0 kB
HugePages_Total:       0
HugePages_Free:        0
HugePages_Rsvd:        0
HugePages_Surp:        0
Hugepagesize:       2048 kB
DirectMap4k:      126976 kB
DirectMap2M:     3862528 kB


CPU:total 4 (2 cores per cpu, 2 threads per core) family 6 model 37 stepping 2, cmov, cx8, fxsr, mmx, sse, sse2, sse3, ssse3, sse4.1, sse4.2, popcnt, ht, tsc, tscinvbit

/proc/cpuinfo:
processor	: 0
vendor_id	: GenuineIntel
cpu family	: 6
model		: 37
model name	: Intel(R) Core(TM) i3 CPU       M 350  @ 2.27GHz
stepping	: 2
microcode	: 0x9
cpu MHz		: 2266.000
cache size	: 3072 KB
physical id	: 0
siblings	: 4
core id		: 0
cpu cores	: 2
apicid		: 0
initial apicid	: 0
fpu		: yes
fpu_exception	: yes
cpuid level	: 11
wp		: yes
flags		: fpu vme de pse tsc msr pae mce cx8 apic sep mtrr pge mca cmov pat pse36 clflush dts acpi mmx fxsr sse sse2 ss ht tm pbe syscall nx rdtscp lm constant_tsc arch_perfmon pebs bts nopl xtopology nonstop_tsc aperfmperf pni dtes64 monitor ds_cpl vmx est tm2 ssse3 cx16 xtpr pdcm sse4_1 sse4_2 popcnt lahf_lm arat dtherm tpr_shadow vnmi flexpriority ept vpid
bogomips	: 4523.03
clflush size	: 64
cache_alignment	: 64
address sizes	: 36 bits physical, 48 bits virtual
power management:

processor	: 1
vendor_id	: GenuineIntel
cpu family	: 6
model		: 37
model name	: Intel(R) Core(TM) i3 CPU       M 350  @ 2.27GHz
stepping	: 2
microcode	: 0x9
cpu MHz		: 2266.000
cache size	: 3072 KB
physical id	: 0
siblings	: 4
core id		: 0
cpu cores	: 2
apicid		: 1
initial apicid	: 1
fpu		: yes
fpu_exception	: yes
cpuid level	: 11
wp		: yes
flags		: fpu vme de pse tsc msr pae mce cx8 apic sep mtrr pge mca cmov pat pse36 clflush dts acpi mmx fxsr sse sse2 ss ht tm pbe syscall nx rdtscp lm constant_tsc arch_perfmon pebs bts nopl xtopology nonstop_tsc aperfmperf pni dtes64 monitor ds_cpl vmx est tm2 ssse3 cx16 xtpr pdcm sse4_1 sse4_2 popcnt lahf_lm arat dtherm tpr_shadow vnmi flexpriority ept vpid
bogomips	: 4523.03
clflush size	: 64
cache_alignment	: 64
address sizes	: 36 bits physical, 48 bits virtual
power management:

processor	: 2
vendor_id	: GenuineIntel
cpu family	: 6
model		: 37
model name	: Intel(R) Core(TM) i3 CPU       M 350  @ 2.27GHz
stepping	: 2
microcode	: 0x9
cpu MHz		: 1333.000
cache size	: 3072 KB
physical id	: 0
siblings	: 4
core id		: 2
cpu cores	: 2
apicid		: 4
initial apicid	: 4
fpu		: yes
fpu_exception	: yes
cpuid level	: 11
wp		: yes
flags		: fpu vme de pse tsc msr pae mce cx8 apic sep mtrr pge mca cmov pat pse36 clflush dts acpi mmx fxsr sse sse2 ss ht tm pbe syscall nx rdtscp lm constant_tsc arch_perfmon pebs bts nopl xtopology nonstop_tsc aperfmperf pni dtes64 monitor ds_cpl vmx est tm2 ssse3 cx16 xtpr pdcm sse4_1 sse4_2 popcnt lahf_lm arat dtherm tpr_shadow vnmi flexpriority ept vpid
bogomips	: 4523.03
clflush size	: 64
cache_alignment	: 64
address sizes	: 36 bits physical, 48 bits virtual
power management:

processor	: 3
vendor_id	: GenuineIntel
cpu family	: 6
model		: 37
model name	: Intel(R) Core(TM) i3 CPU       M 350  @ 2.27GHz
stepping	: 2
microcode	: 0x9
cpu MHz		: 2266.000
cache size	: 3072 KB
physical id	: 0
siblings	: 4
core id		: 2
cpu cores	: 2
apicid		: 5
initial apicid	: 5
fpu		: yes
fpu_exception	: yes
cpuid level	: 11
wp		: yes
flags		: fpu vme de pse tsc msr pae mce cx8 apic sep mtrr pge mca cmov pat pse36 clflush dts acpi mmx fxsr sse sse2 ss ht tm pbe syscall nx rdtscp lm constant_tsc arch_perfmon pebs bts nopl xtopology nonstop_tsc aperfmperf pni dtes64 monitor ds_cpl vmx est tm2 ssse3 cx16 xtpr pdcm sse4_1 sse4_2 popcnt lahf_lm arat dtherm tpr_shadow vnmi flexpriority ept vpid
bogomips	: 4523.03
clflush size	: 64
cache_alignment	: 64
address sizes	: 36 bits physical, 48 bits virtual
power management:



Memory: 4k page, physical 3840992k(163636k free), swap 3983356k(3943456k free)

vm_info: OpenJDK 64-Bit Server VM (23.7-b01) for linux-amd64 JRE (1.7.0_21-b02), built on Apr 22 2013 07:43:15 by "buildd" with gcc 4.7.3

time: Mon May 13 22:38:13 2013
elapsed time: 0 seconds

